<?xml version="1.0" encoding="UTF-8" ?>
<testsuite tests="1" failures="0" name="controllers.freelancer.FreelancerCreateEstablishmentTest" time="0.79" errors="1" skipped="0">
  <properties>
[...]
</properties>
  <testcase classname="controllers.freelancer.FreelancerCreateEstablishmentTest" name="testCreateEstablishment" time="0.705">
    <error type="java.lang.NullPointerException">java.lang.NullPointerException
	at model.database.DAO.startSession(DAO.java:49)
	at model.database.DAO.&lt;init&gt;(DAO.java:36)
	at controllers.freelancer.FreelancerCreateEstablishmentTest.testCreateEstablishment(FreelancerCreateEstablishmentTest.java:44)
	at sun.reflect.NativeMethodAccessorImpl.invoke0(Native Method)
	at sun.reflect.NativeMethodAccessorImpl.invoke(NativeMethodAccessorImpl.java:62)
	at sun.reflect.DelegatingMethodAccessorImpl.invoke(DelegatingMethodAccessorImpl.java:43)
	at java.lang.reflect.Method.invoke(Method.java:483)
	at org.junit.runners.model.FrameworkMethod$1.runReflectiveCall(FrameworkMethod.java:47)
	at org.junit.internal.runners.model.ReflectiveCallable.run(ReflectiveCallable.java:12)
	at org.junit.runners.model.FrameworkMethod.invokeExplosively(FrameworkMethod.java:44)
	at org.junit.internal.runners.statements.InvokeMethod.evaluate(InvokeMethod.java:17)
	at org.junit.internal.runners.statements.RunBefores.evaluate(RunBefores.java:26)
	at org.junit.internal.runners.statements.RunAfters.evaluate(RunAfters.java:27)
	at org.junit.runners.ParentRunner.runLeaf(ParentRunner.java:271)
	at org.junit.runners.BlockJUnit4ClassRunner.runChild(BlockJUnit4ClassRunner.java:70)
	at org.junit.runners.BlockJUnit4ClassRunner.runChild(BlockJUnit4ClassRunner.java:50)
	at org.junit.runners.ParentRunner$3.run(ParentRunner.java:238)
	at org.junit.runners.ParentRunner$1.schedule(ParentRunner.java:63)
	at org.junit.runners.ParentRunner.runChildren(ParentRunner.java:236)
	at org.junit.runners.ParentRunner.access$000(ParentRunner.java:53)
	at org.junit.runners.ParentRunner$2.evaluate(ParentRunner.java:229)
	at org.junit.internal.runners.statements.RunBefores.evaluate(RunBefores.java:26)
	at org.junit.internal.runners.statements.RunAfters.evaluate(RunAfters.java:27)
	at org.junit.runners.ParentRunner.run(ParentRunner.java:309)
	at org.apache.maven.surefire.junit4.JUnit4TestSet.execute(JUnit4TestSet.java:53)
	at org.apache.maven.surefire.junit4.JUnit4Provider.executeTestSet(JUnit4Provider.java:123)
	at org.apache.maven.surefire.junit4.JUnit4Provider.invoke(JUnit4Provider.java:104)
	at sun.reflect.NativeMethodAccessorImpl.invoke0(Native Method)
	at sun.reflect.NativeMethodAccessorImpl.invoke(NativeMethodAccessorImpl.java:62)
	at sun.reflect.DelegatingMethodAccessorImpl.invoke(DelegatingMethodAccessorImpl.java:43)
	at java.lang.reflect.Method.invoke(Method.java:483)
	at org.apache.maven.surefire.util.ReflectionUtils.invokeMethodWithArray(ReflectionUtils.java:164)
	at org.apache.maven.surefire.booter.ProviderFactory$ProviderProxy.invoke(ProviderFactory.java:110)
	at org.apache.maven.surefire.booter.SurefireStarter.invokeProvider(SurefireStarter.java:175)
	at org.apache.maven.surefire.booter.SurefireStarter.runSuitesInProcessWhenForked(SurefireStarter.java:107)
	at org.apache.maven.surefire.booter.ForkedBooter.main(ForkedBooter.java:68)
</error>
    <system-out>11:39:49,178 DEBUG BasicTypeRegistry:146 - Adding type registration boolean -&gt; org.hibernate.type.BooleanType@2ed94a8b
  11:39:49,182 DEBUG BasicTypeRegistry:146 - Adding type registration boolean -&gt; org.hibernate.type.BooleanType@2ed94a8b
  11:39:49,183 DEBUG BasicTypeRegistry:146 - Adding type registration java.lang.Boolean -&gt; org.hibernate.type.BooleanType@2ed94a8b
  11:39:49,184 DEBUG BasicTypeRegistry:146 - Adding type registration numeric_boolean -&gt; org.hibernate.type.NumericBooleanType@1324409e
  11:39:49,186 DEBUG BasicTypeRegistry:146 - Adding type registration true_false -&gt; org.hibernate.type.TrueFalseType@1e67b872
  11:39:49,187 DEBUG BasicTypeRegistry:146 - Adding type registration yes_no -&gt; org.hibernate.type.YesNoType@4cb2c100
  11:39:49,190 DEBUG BasicTypeRegistry:146 - Adding type registration byte -&gt; org.hibernate.type.ByteType@327471b5
  11:39:49,190 DEBUG BasicTypeRegistry:146 - Adding type registration byte -&gt; org.hibernate.type.ByteType@327471b5
  11:39:49,191 DEBUG BasicTypeRegistry:146 - Adding type registration java.lang.Byte -&gt; org.hibernate.type.ByteType@327471b5
  11:39:49,192 DEBUG BasicTypeRegistry:146 - Adding type registration character -&gt; org.hibernate.type.CharacterType@1936f0f5
  11:39:49,193 DEBUG BasicTypeRegistry:146 - Adding type registration char -&gt; org.hibernate.type.CharacterType@1936f0f5
  11:39:49,194 DEBUG BasicTypeRegistry:146 - Adding type registration java.lang.Character -&gt; org.hibernate.type.CharacterType@1936f0f5
  11:39:49,197 DEBUG BasicTypeRegistry:146 - Adding type registration short -&gt; org.hibernate.type.ShortType@34b7bfc0
  11:39:49,198 DEBUG BasicTypeRegistry:146 - Adding type registration short -&gt; org.hibernate.type.ShortType@34b7bfc0
  11:39:49,198 DEBUG BasicTypeRegistry:146 - Adding type registration java.lang.Short -&gt; org.hibernate.type.ShortType@34b7bfc0
  11:39:49,200 DEBUG BasicTypeRegistry:146 - Adding type registration integer -&gt; org.hibernate.type.IntegerType@54a097cc
  11:39:49,203 DEBUG BasicTypeRegistry:146 - Adding type registration int -&gt; org.hibernate.type.IntegerType@54a097cc
  11:39:49,204 DEBUG BasicTypeRegistry:146 - Adding type registration java.lang.Integer -&gt; org.hibernate.type.IntegerType@54a097cc
  11:39:49,206 DEBUG BasicTypeRegistry:146 - Adding type registration long -&gt; org.hibernate.type.LongType@61dc03ce
  11:39:49,207 DEBUG BasicTypeRegistry:146 - Adding type registration long -&gt; org.hibernate.type.LongType@61dc03ce
  11:39:49,207 DEBUG BasicTypeRegistry:146 - Adding type registration java.lang.Long -&gt; org.hibernate.type.LongType@61dc03ce
  11:39:49,210 DEBUG BasicTypeRegistry:146 - Adding type registration float -&gt; org.hibernate.type.FloatType@69d9c55
  11:39:49,211 DEBUG BasicTypeRegistry:146 - Adding type registration float -&gt; org.hibernate.type.FloatType@69d9c55
  11:39:49,211 DEBUG BasicTypeRegistry:146 - Adding type registration java.lang.Float -&gt; org.hibernate.type.FloatType@69d9c55
  11:39:49,213 DEBUG BasicTypeRegistry:146 - Adding type registration double -&gt; org.hibernate.type.DoubleType@7946e1f4
  11:39:49,214 DEBUG BasicTypeRegistry:146 - Adding type registration double -&gt; org.hibernate.type.DoubleType@7946e1f4
  11:39:49,214 DEBUG BasicTypeRegistry:146 - Adding type registration java.lang.Double -&gt; org.hibernate.type.DoubleType@7946e1f4
  11:39:49,217 DEBUG BasicTypeRegistry:146 - Adding type registration big_decimal -&gt; org.hibernate.type.BigDecimalType@458ad742
  11:39:49,218 DEBUG BasicTypeRegistry:146 - Adding type registration java.math.BigDecimal -&gt; org.hibernate.type.BigDecimalType@458ad742
  11:39:49,220 DEBUG BasicTypeRegistry:146 - Adding type registration big_integer -&gt; org.hibernate.type.BigIntegerType@66d2e7d9
  11:39:49,221 DEBUG BasicTypeRegistry:146 - Adding type registration java.math.BigInteger -&gt; org.hibernate.type.BigIntegerType@66d2e7d9
  11:39:49,230 DEBUG BasicTypeRegistry:146 - Adding type registration string -&gt; org.hibernate.type.StringType@48eff760
  11:39:49,231 DEBUG BasicTypeRegistry:146 - Adding type registration java.lang.String -&gt; org.hibernate.type.StringType@48eff760
  11:39:49,233 DEBUG BasicTypeRegistry:146 - Adding type registration nstring -&gt; org.hibernate.type.StringNVarcharType@548b7f67
  11:39:49,235 DEBUG BasicTypeRegistry:146 - Adding type registration ncharacter -&gt; org.hibernate.type.CharacterNCharType@1810399e
  11:39:49,236 DEBUG BasicTypeRegistry:146 - Adding type registration url -&gt; org.hibernate.type.UrlType@5d5eef3d
  11:39:49,237 DEBUG BasicTypeRegistry:146 - Adding type registration java.net.URL -&gt; org.hibernate.type.UrlType@5d5eef3d
  11:39:49,242 DEBUG BasicTypeRegistry:146 - Adding type registration date -&gt; org.hibernate.type.DateType@5034c75a
  11:39:49,243 DEBUG BasicTypeRegistry:146 - Adding type registration java.sql.Date -&gt; org.hibernate.type.DateType@5034c75a
  11:39:49,245 DEBUG BasicTypeRegistry:146 - Adding type registration time -&gt; org.hibernate.type.TimeType@58651fd0
  11:39:49,247 DEBUG BasicTypeRegistry:146 - Adding type registration java.sql.Time -&gt; org.hibernate.type.TimeType@58651fd0
  11:39:49,249 DEBUG BasicTypeRegistry:146 - Adding type registration timestamp -&gt; org.hibernate.type.TimestampType@1753acfe
  11:39:49,250 DEBUG BasicTypeRegistry:146 - Adding type registration java.sql.Timestamp -&gt; org.hibernate.type.TimestampType@1753acfe
  11:39:49,252 DEBUG BasicTypeRegistry:146 - Adding type registration java.util.Date -&gt; org.hibernate.type.TimestampType@1753acfe
  11:39:49,254 DEBUG BasicTypeRegistry:146 - Adding type registration dbtimestamp -&gt; org.hibernate.type.DbTimestampType@2a5ca609
  11:39:49,257 DEBUG BasicTypeRegistry:146 - Adding type registration calendar -&gt; org.hibernate.type.CalendarType@482f8f11
  11:39:49,257 DEBUG BasicTypeRegistry:146 - Adding type registration java.util.Calendar -&gt; org.hibernate.type.CalendarType@482f8f11
  11:39:49,258 DEBUG BasicTypeRegistry:146 - Adding type registration java.util.GregorianCalendar -&gt; org.hibernate.type.CalendarType@482f8f11
  11:39:49,259 DEBUG BasicTypeRegistry:146 - Adding type registration calendar_date -&gt; org.hibernate.type.CalendarDateType@7823a2f9
  11:39:49,261 DEBUG BasicTypeRegistry:146 - Adding type registration locale -&gt; org.hibernate.type.LocaleType@4678c730
  11:39:49,261 DEBUG BasicTypeRegistry:146 - Adding type registration java.util.Locale -&gt; org.hibernate.type.LocaleType@4678c730
  11:39:49,263 DEBUG BasicTypeRegistry:146 - Adding type registration currency -&gt; org.hibernate.type.CurrencyType@8bd1b6a
  11:39:49,263 DEBUG BasicTypeRegistry:146 - Adding type registration java.util.Currency -&gt; org.hibernate.type.CurrencyType@8bd1b6a
  11:39:49,265 DEBUG BasicTypeRegistry:146 - Adding type registration timezone -&gt; org.hibernate.type.TimeZoneType@1d057a39
  11:39:49,266 DEBUG BasicTypeRegistry:146 - Adding type registration java.util.TimeZone -&gt; org.hibernate.type.TimeZoneType@1d057a39
  11:39:49,267 DEBUG BasicTypeRegistry:146 - Adding type registration class -&gt; org.hibernate.type.ClassType@d8355a8
  11:39:49,268 DEBUG BasicTypeRegistry:146 - Adding type registration java.lang.Class -&gt; org.hibernate.type.ClassType@d8355a8
  11:39:49,270 DEBUG BasicTypeRegistry:146 - Adding type registration uuid-binary -&gt; org.hibernate.type.UUIDBinaryType@26653222
  11:39:49,270 DEBUG BasicTypeRegistry:146 - Adding type registration java.util.UUID -&gt; org.hibernate.type.UUIDBinaryType@26653222
  11:39:49,271 DEBUG BasicTypeRegistry:146 - Adding type registration uuid-char -&gt; org.hibernate.type.UUIDCharType@ae45eb6
  11:39:49,272 DEBUG BasicTypeRegistry:146 - Adding type registration pg-uuid -&gt; org.hibernate.type.PostgresUUIDType@3e6fa38a
  11:39:49,275 DEBUG BasicTypeRegistry:146 - Adding type registration binary -&gt; org.hibernate.type.BinaryType@1bce4f0a
  11:39:49,276 DEBUG BasicTypeRegistry:146 - Adding type registration byte[] -&gt; org.hibernate.type.BinaryType@1bce4f0a
  11:39:49,277 DEBUG BasicTypeRegistry:146 - Adding type registration [B -&gt; org.hibernate.type.BinaryType@1bce4f0a
  11:39:49,279 DEBUG BasicTypeRegistry:146 - Adding type registration wrapper-binary -&gt; org.hibernate.type.WrapperBinaryType@685cb137
  11:39:49,279 DEBUG BasicTypeRegistry:146 - Adding type registration Byte[] -&gt; org.hibernate.type.WrapperBinaryType@685cb137
  11:39:49,279 DEBUG BasicTypeRegistry:146 - Adding type registration [Ljava.lang.Byte; -&gt; org.hibernate.type.WrapperBinaryType@685cb137
  11:39:49,281 DEBUG BasicTypeRegistry:146 - Adding type registration image -&gt; org.hibernate.type.ImageType@5622fdf
  11:39:49,282 DEBUG BasicTypeRegistry:146 - Adding type registration characters -&gt; org.hibernate.type.CharArrayType@57baeedf
  11:39:49,282 DEBUG BasicTypeRegistry:146 - Adding type registration char[] -&gt; org.hibernate.type.CharArrayType@57baeedf
  11:39:49,282 DEBUG BasicTypeRegistry:146 - Adding type registration [C -&gt; org.hibernate.type.CharArrayType@57baeedf
  11:39:49,284 DEBUG BasicTypeRegistry:146 - Adding type registration wrapper-characters -&gt; org.hibernate.type.CharacterArrayType@4667ae56
  11:39:49,284 DEBUG BasicTypeRegistry:146 - Adding type registration [Ljava.lang.Character; -&gt; org.hibernate.type.CharacterArrayType@4667ae56
  11:39:49,285 DEBUG BasicTypeRegistry:146 - Adding type registration Character[] -&gt; org.hibernate.type.CharacterArrayType@4667ae56
  11:39:49,286 DEBUG BasicTypeRegistry:146 - Adding type registration text -&gt; org.hibernate.type.TextType@146ba0ac
  11:39:49,287 DEBUG BasicTypeRegistry:146 - Adding type registration ntext -&gt; org.hibernate.type.NTextType@13deb50e
  11:39:49,294 DEBUG BasicTypeRegistry:146 - Adding type registration blob -&gt; org.hibernate.type.BlobType@31a5c39e
  11:39:49,294 DEBUG BasicTypeRegistry:146 - Adding type registration java.sql.Blob -&gt; org.hibernate.type.BlobType@31a5c39e
  11:39:49,295 DEBUG BasicTypeRegistry:146 - Adding type registration materialized_blob -&gt; org.hibernate.type.MaterializedBlobType@490ab905
  11:39:49,300 DEBUG BasicTypeRegistry:146 - Adding type registration clob -&gt; org.hibernate.type.ClobType@49993335
  11:39:49,300 DEBUG BasicTypeRegistry:146 - Adding type registration java.sql.Clob -&gt; org.hibernate.type.ClobType@49993335
  11:39:49,313 DEBUG BasicTypeRegistry:146 - Adding type registration nclob -&gt; org.hibernate.type.NClobType@3327bd23
  11:39:49,314 DEBUG BasicTypeRegistry:146 - Adding type registration java.sql.NClob -&gt; org.hibernate.type.NClobType@3327bd23
  11:39:49,315 DEBUG BasicTypeRegistry:146 - Adding type registration materialized_clob -&gt; org.hibernate.type.MaterializedClobType@52a86356
  11:39:49,316 DEBUG BasicTypeRegistry:146 - Adding type registration materialized_nclob -&gt; org.hibernate.type.MaterializedNClobType@5ec0a365
  11:39:49,319 DEBUG BasicTypeRegistry:146 - Adding type registration serializable -&gt; org.hibernate.type.SerializableType@6fc6f14e
  11:39:49,324 DEBUG BasicTypeRegistry:146 - Adding type registration object -&gt; org.hibernate.type.ObjectType@6b09bb57
  11:39:49,325 DEBUG BasicTypeRegistry:146 - Adding type registration java.lang.Object -&gt; org.hibernate.type.ObjectType@6b09bb57
  11:39:49,326 DEBUG BasicTypeRegistry:146 - Adding type registration imm_date -&gt; org.hibernate.type.AdaptedImmutableType@18eed359
  11:39:49,327 DEBUG BasicTypeRegistry:146 - Adding type registration imm_time -&gt; org.hibernate.type.AdaptedImmutableType@3e9b1010
  11:39:49,327 DEBUG BasicTypeRegistry:146 - Adding type registration imm_timestamp -&gt; org.hibernate.type.AdaptedImmutableType@6c3708b3
  11:39:49,327 DEBUG BasicTypeRegistry:146 - Adding type registration imm_dbtimestamp -&gt; org.hibernate.type.AdaptedImmutableType@6f1fba17
  11:39:49,328 DEBUG BasicTypeRegistry:146 - Adding type registration imm_calendar -&gt; org.hibernate.type.AdaptedImmutableType@185d8b6
  11:39:49,328 DEBUG BasicTypeRegistry:146 - Adding type registration imm_calendar_date -&gt; org.hibernate.type.AdaptedImmutableType@67784306
  11:39:49,328 DEBUG BasicTypeRegistry:146 - Adding type registration imm_binary -&gt; org.hibernate.type.AdaptedImmutableType@335eadca
  11:39:49,329 DEBUG BasicTypeRegistry:146 - Adding type registration imm_serializable -&gt; org.hibernate.type.AdaptedImmutableType@210366b4
  11:39:49,345  INFO Version:66 - HCANN000001: Hibernate Commons Annotations {4.0.5.Final}
  11:39:49,350  INFO Version:54 - HHH000412: Hibernate Core {4.3.6.Final}
  11:39:49,353  INFO Environment:224 - HHH000205: Loaded properties from resource hibernate.properties: {hibernate.generate_statistics=true, hibernate.dialect=org.hibernate.dialect.MySQL5Dialect, hibernate.show_sql=true, hibernate.bytecode.use_reflection_optimizer=false, hibernate.hbm2ddl.auto=update, hibernate.connection.datasource=jdbc/api-rec, hibernate.use_sql_comments=true}
  11:39:49,353  INFO Environment:346 - HHH000021: Bytecode provider name : javassist
  11:39:49,362 DEBUG DefaultIdentifierGeneratorFactory:93 - Registering IdentifierGenerator strategy [uuid2] -&gt; [org.hibernate.id.UUIDGenerator]
  11:39:49,363 DEBUG DefaultIdentifierGeneratorFactory:93 - Registering IdentifierGenerator strategy [guid] -&gt; [org.hibernate.id.GUIDGenerator]
  11:39:49,363 DEBUG DefaultIdentifierGeneratorFactory:93 - Registering IdentifierGenerator strategy [uuid] -&gt; [org.hibernate.id.UUIDHexGenerator]
  11:39:49,363 DEBUG DefaultIdentifierGeneratorFactory:93 - Registering IdentifierGenerator strategy [uuid.hex] -&gt; [org.hibernate.id.UUIDHexGenerator]
  11:39:49,365 DEBUG DefaultIdentifierGeneratorFactory:93 - Registering IdentifierGenerator strategy [hilo] -&gt; [org.hibernate.id.TableHiLoGenerator]
  11:39:49,365 DEBUG DefaultIdentifierGeneratorFactory:93 - Registering IdentifierGenerator strategy [assigned] -&gt; [org.hibernate.id.Assigned]
  11:39:49,366 DEBUG DefaultIdentifierGeneratorFactory:93 - Registering IdentifierGenerator strategy [identity] -&gt; [org.hibernate.id.IdentityGenerator]
  11:39:49,367 DEBUG DefaultIdentifierGeneratorFactory:93 - Registering IdentifierGenerator strategy [select] -&gt; [org.hibernate.id.SelectGenerator]
  11:39:49,367 DEBUG DefaultIdentifierGeneratorFactory:93 - Registering IdentifierGenerator strategy [sequence] -&gt; [org.hibernate.id.SequenceGenerator]
  11:39:49,368 DEBUG DefaultIdentifierGeneratorFactory:93 - Registering IdentifierGenerator strategy [seqhilo] -&gt; [org.hibernate.id.SequenceHiLoGenerator]
  11:39:49,368 DEBUG DefaultIdentifierGeneratorFactory:93 - Registering IdentifierGenerator strategy [increment] -&gt; [org.hibernate.id.IncrementGenerator]
  11:39:49,369 DEBUG DefaultIdentifierGeneratorFactory:93 - Registering IdentifierGenerator strategy [foreign] -&gt; [org.hibernate.id.ForeignGenerator]
  11:39:49,369 DEBUG DefaultIdentifierGeneratorFactory:93 - Registering IdentifierGenerator strategy [sequence-identity] -&gt; [org.hibernate.id.SequenceIdentityGenerator]
  11:39:49,370 DEBUG DefaultIdentifierGeneratorFactory:93 - Registering IdentifierGenerator strategy [enhanced-sequence] -&gt; [org.hibernate.id.enhanced.SequenceStyleGenerator]
  11:39:49,371 DEBUG DefaultIdentifierGeneratorFactory:93 - Registering IdentifierGenerator strategy [enhanced-table] -&gt; [org.hibernate.id.enhanced.TableGenerator]
  11:39:49,372  INFO Configuration:2073 - HHH000043: Configuring from resource: /hibernate.cfg.xml
  11:39:49,373  INFO Configuration:2092 - HHH000040: Configuration resource: /hibernate.cfg.xml
  11:39:49,429 DEBUG DTDEntityResolver:69 - Trying to resolve system-id [http://www.hibernate.org/dtd/hibernate-configuration-3.0.dtd]
  11:39:49,429 DEBUG DTDEntityResolver:71 - Recognized hibernate namespace; attempting to resolve on classpath under org/hibernate/
  11:39:49,430 DEBUG DTDEntityResolver:108 - Located [http://www.hibernate.org/dtd/hibernate-configuration-3.0.dtd] in classpath
  11:39:49,455 DEBUG Configuration:2035 - hibernate.connection.datasource=jdbc/api-rec
  11:39:49,455 DEBUG Configuration:2274 - Session-factory config [null] named class [model.beans.Address] for mapping
  11:39:49,463 DEBUG Configuration:2274 - Session-factory config [null] named class [model.beans.Affiliate] for mapping
  11:39:49,464 DEBUG Configuration:2274 - Session-factory config [null] named class [model.beans.Category] for mapping
  11:39:49,465 DEBUG Configuration:2274 - Session-factory config [null] named class [model.beans.Cashier] for mapping
  11:39:49,465 DEBUG Configuration:2274 - Session-factory config [null] named class [model.beans.Configuration] for mapping
  11:39:49,466 DEBUG Configuration:2274 - Session-factory config [null] named class [model.beans.Establishment] for mapping
  11:39:49,467 DEBUG Configuration:2274 - Session-factory config [null] named class [model.beans.Freelancer] for mapping
  11:39:49,467 DEBUG Configuration:2274 - Session-factory config [null] named class [model.beans.Gender] for mapping
  11:39:49,468 DEBUG Configuration:2274 - Session-factory config [null] named class [model.beans.MailTemplate] for mapping
  11:39:49,469 DEBUG Configuration:2274 - Session-factory config [null] named class [model.beans.Person] for mapping
  11:39:49,469 DEBUG Configuration:2274 - Session-factory config [null] named class [model.beans.PersonType] for mapping
  11:39:49,470 DEBUG Configuration:2274 - Session-factory config [null] named class [model.beans.RequestBean] for mapping
  11:39:49,471 DEBUG Configuration:2274 - Session-factory config [null] named class [model.beans.Responsable] for mapping
  11:39:49,471 DEBUG Configuration:2274 - Session-factory config [null] named class [model.beans.Transaction] for mapping
  11:39:49,472 DEBUG Configuration:2274 - Session-factory config [null] named class [model.beans.TransactionType] for mapping
  11:39:49,480  INFO Configuration:2214 - HHH000041: Configured SessionFactory: null
  11:39:49,480 DEBUG Configuration:2215 - Properties: {java.runtime.name=Java(TM) SE Runtime Environment, sun.boot.library.path=/usr/lib/jvm/jdk1.8.0_31/jre/lib/amd64, java.vm.version=25.31-b07, java.vm.vendor=Oracle Corporation, java.vendor.url=http://java.oracle.com/, path.separator=:, java.vm.name=Java HotSpot(TM) 64-Bit Server VM, file.encoding.pkg=sun.io, user.country=US, sun.java.launcher=SUN_STANDARD, sun.os.patch.level=unknown, test=controllers.freelancer.FreelancerCreateEstablishmentTest, java.vm.specification.name=Java Virtual Machine Specification, user.dir=/home/skuarch/NetBeansProjects/api-rec, java.runtime.version=1.8.0_31-b13, java.awt.graphicsenv=sun.awt.X11GraphicsEnvironment, basedir=/home/skuarch/NetBeansProjects/api-rec, java.endorsed.dirs=/usr/lib/jvm/jdk1.8.0_31/jre/lib/endorsed, os.arch=amd64, surefire.real.class.path=/home/skuarch/NetBeansProjects/api-rec/target/surefire/surefirebooter2484955152881610752.jar, java.io.tmpdir=/tmp, line.separator=
, java.vm.specification.vendor=Oracle Corporation, os.name=Linux, hibernate.order_updates=true, maven.ext.class.path=/home/skuarch/applications/netbeans-8.0.2/java/maven-nblib/netbeans-eventspy.jar, sun.jnu.encoding=UTF-8, java.library.path=/usr/lib/jvm/jdk1.8.0_31/jre/lib/amd64:/usr/lib/jvm/jdk1.8.0_31/jre/lib/i386::/usr/java/packages/lib/amd64:/usr/lib64:/lib64:/lib:/usr/lib, hibernate.connection.datasource=jdbc/api-rec, surefire.test.class.path=/home/skuarch/NetBeansProjects/api-rec/target/test-classes:/home/skuarch/NetBeansProjects/api-rec/target/classes:/home/skuarch/.m2/repository/javax/servlet/servlet-api/2.5/servlet-api-2.5.jar:/home/skuarch/.m2/repository/javax/javaee-web-api/7.0/javaee-web-api-7.0.jar:/home/skuarch/.m2/repository/org/springframework/spring-core/4.1.1.RELEASE/spring-core-4.1.1.RELEASE.jar:/home/skuarch/.m2/repository/commons-logging/commons-logging/1.1.3/commons-logging-1.1.3.jar:/home/skuarch/.m2/repository/org/springframework/spring-webmvc/4.1.1.RELEASE/spring-webmvc-4.1.1.RELEASE.jar:/home/skuarch/.m2/repository/org/springframework/spring-web/4.1.1.RELEASE/spring-web-4.1.1.RELEASE.jar:/home/skuarch/.m2/repository/org/springframework/spring-expression/4.0.6.RELEASE/spring-expression-4.0.6.RELEASE.jar:/home/skuarch/.m2/repository/org/springframework/spring-beans/4.0.6.RELEASE/spring-beans-4.0.6.RELEASE.jar:/home/skuarch/.m2/repository/org/springframework/spring-aop/4.0.6.RELEASE/spring-aop-4.0.6.RELEASE.jar:/home/skuarch/.m2/repository/org/springframework/spring-context/4.0.6.RELEASE/spring-context-4.0.6.RELEASE.jar:/home/skuarch/.m2/repository/aopalliance/aopalliance/1.0/aopalliance-1.0.jar:/home/skuarch/.m2/repository/org/hibernate/hibernate-core/4.3.6.Final/hibernate-core-4.3.6.Final.jar:/home/skuarch/.m2/repository/org/jboss/logging/jboss-logging/3.1.3.GA/jboss-logging-3.1.3.GA.jar:/home/skuarch/.m2/repository/org/jboss/logging/jboss-logging-annotations/1.2.0.Beta1/jboss-logging-annotations-1.2.0.Beta1.jar:/home/skuarch/.m2/repository/org/jboss/spec/javax/transaction/jboss-transaction-api_1.2_spec/1.0.0.Final/jboss-transaction-api_1.2_spec-1.0.0.Final.jar:/home/skuarch/.m2/repository/dom4j/dom4j/1.6.1/dom4j-1.6.1.jar:/home/skuarch/.m2/repository/xml-apis/xml-apis/1.0.b2/xml-apis-1.0.b2.jar:/home/skuarch/.m2/repository/org/hibernate/common/hibernate-commons-annotations/4.0.5.Final/hibernate-commons-annotations-4.0.5.Final.jar:/home/skuarch/.m2/repository/org/hibernate/javax/persistence/hibernate-jpa-2.1-api/1.0.0.Final/hibernate-jpa-2.1-api-1.0.0.Final.jar:/home/skuarch/.m2/repository/org/javassist/javassist/3.18.1-GA/javassist-3.18.1-GA.jar:/home/skuarch/.m2/repository/antlr/antlr/2.7.7/antlr-2.7.7.jar:/home/skuarch/.m2/repository/org/jboss/jandex/1.1.0.Final/jandex-1.1.0.Final.jar:/home/skuarch/.m2/repository/mysql/mysql-connector-java/5.1.33/mysql-connector-java-5.1.33.jar:/home/skuarch/.m2/repository/log4j/log4j/1.2.17/log4j-1.2.17.jar:/home/skuarch/.m2/repository/org/json/json/20140107/json-20140107.jar:/home/skuarch/.m2/repository/org/apache/commons/commons-lang3/3.3.2/commons-lang3-3.3.2.jar:/home/skuarch/.m2/repository/junit/junit/4.11/junit-4.11.jar:/home/skuarch/.m2/repository/org/hamcrest/hamcrest-core/1.3/hamcrest-core-1.3.jar:/home/skuarch/.m2/repository/commons-io/commons-io/2.4/commons-io-2.4.jar:/home/skuarch/.m2/repository/org/codemonkey/simplejavamail/simple-java-mail/2.1/simple-java-mail-2.1.jar:/home/skuarch/.m2/repository/javax/mail/mail/1.4.1/mail-1.4.1.jar:/home/skuarch/.m2/repository/javax/activation/activation/1.1/activation-1.1.jar:/home/skuarch/.m2/repository/commons-configuration/commons-configuration/1.10/commons-configuration-1.10.jar:/home/skuarch/.m2/repository/commons-lang/commons-lang/2.6/commons-lang-2.6.jar:/home/skuarch/.m2/repository/org/hibernate/hibernate-c3p0/4.3.6.Final/hibernate-c3p0-4.3.6.Final.jar:/home/skuarch/.m2/repository/com/mchange/c3p0/0.9.2.1/c3p0-0.9.2.1.jar:/home/skuarch/.m2/repository/com/mchange/mchange-commons-java/0.2.3.4/mchange-commons-java-0.2.3.4.jar:/home/skuarch/.m2/repository/org/codehaus/jackson/jackson-core-asl/1.9.13/jackson-core-asl-1.9.13.jar:/home/skuarch/.m2/repository/org/codehaus/jackson/jackson-mapper-asl/1.9.13/jackson-mapper-asl-1.9.13.jar:/home/skuarch/.m2/repository/com/fasterxml/jackson/core/jackson-databind/2.4.4/jackson-databind-2.4.4.jar:/home/skuarch/.m2/repository/com/fasterxml/jackson/core/jackson-annotations/2.4.0/jackson-annotations-2.4.0.jar:/home/skuarch/.m2/repository/com/fasterxml/jackson/core/jackson-core/2.4.4/jackson-core-2.4.4.jar:/home/skuarch/.m2/repository/javax/servlet/jstl/1.2/jstl-1.2.jar:/home/skuarch/.m2/repository/com/google/code/gson/gson/2.3.1/gson-2.3.1.jar:, hibernate.generate_statistics=true, java.specification.name=Java Platform API Specification, java.class.version=52.0, sun.management.compiler=HotSpot 64-Bit Tiered Compilers, os.version=3.16.0-31-generic, user.home=/home/skuarch, user.timezone=America/Mexico_City, java.awt.printerjob=sun.print.PSPrinterJob, file.encoding=UTF-8, java.specification.version=1.8, hibernate.connection.driver_class=com.mysql.jdbc.Driver, java.class.path=/home/skuarch/NetBeansProjects/api-rec/target/test-classes:/home/skuarch/NetBeansProjects/api-rec/target/classes:/home/skuarch/.m2/repository/javax/servlet/servlet-api/2.5/servlet-api-2.5.jar:/home/skuarch/.m2/repository/javax/javaee-web-api/7.0/javaee-web-api-7.0.jar:/home/skuarch/.m2/repository/org/springframework/spring-core/4.1.1.RELEASE/spring-core-4.1.1.RELEASE.jar:/home/skuarch/.m2/repository/commons-logging/commons-logging/1.1.3/commons-logging-1.1.3.jar:/home/skuarch/.m2/repository/org/springframework/spring-webmvc/4.1.1.RELEASE/spring-webmvc-4.1.1.RELEASE.jar:/home/skuarch/.m2/repository/org/springframework/spring-web/4.1.1.RELEASE/spring-web-4.1.1.RELEASE.jar:/home/skuarch/.m2/repository/org/springframework/spring-expression/4.0.6.RELEASE/spring-expression-4.0.6.RELEASE.jar:/home/skuarch/.m2/repository/org/springframework/spring-beans/4.0.6.RELEASE/spring-beans-4.0.6.RELEASE.jar:/home/skuarch/.m2/repository/org/springframework/spring-aop/4.0.6.RELEASE/spring-aop-4.0.6.RELEASE.jar:/home/skuarch/.m2/repository/org/springframework/spring-context/4.0.6.RELEASE/spring-context-4.0.6.RELEASE.jar:/home/skuarch/.m2/repository/aopalliance/aopalliance/1.0/aopalliance-1.0.jar:/home/skuarch/.m2/repository/org/hibernate/hibernate-core/4.3.6.Final/hibernate-core-4.3.6.Final.jar:/home/skuarch/.m2/repository/org/jboss/logging/jboss-logging/3.1.3.GA/jboss-logging-3.1.3.GA.jar:/home/skuarch/.m2/repository/org/jboss/logging/jboss-logging-annotations/1.2.0.Beta1/jboss-logging-annotations-1.2.0.Beta1.jar:/home/skuarch/.m2/repository/org/jboss/spec/javax/transaction/jboss-transaction-api_1.2_spec/1.0.0.Final/jboss-transaction-api_1.2_spec-1.0.0.Final.jar:/home/skuarch/.m2/repository/dom4j/dom4j/1.6.1/dom4j-1.6.1.jar:/home/skuarch/.m2/repository/xml-apis/xml-apis/1.0.b2/xml-apis-1.0.b2.jar:/home/skuarch/.m2/repository/org/hibernate/common/hibernate-commons-annotations/4.0.5.Final/hibernate-commons-annotations-4.0.5.Final.jar:/home/skuarch/.m2/repository/org/hibernate/javax/persistence/hibernate-jpa-2.1-api/1.0.0.Final/hibernate-jpa-2.1-api-1.0.0.Final.jar:/home/skuarch/.m2/repository/org/javassist/javassist/3.18.1-GA/javassist-3.18.1-GA.jar:/home/skuarch/.m2/repository/antlr/antlr/2.7.7/antlr-2.7.7.jar:/home/skuarch/.m2/repository/org/jboss/jandex/1.1.0.Final/jandex-1.1.0.Final.jar:/home/skuarch/.m2/repository/mysql/mysql-connector-java/5.1.33/mysql-connector-java-5.1.33.jar:/home/skuarch/.m2/repository/log4j/log4j/1.2.17/log4j-1.2.17.jar:/home/skuarch/.m2/repository/org/json/json/20140107/json-20140107.jar:/home/skuarch/.m2/repository/org/apache/commons/commons-lang3/3.3.2/commons-lang3-3.3.2.jar:/home/skuarch/.m2/repository/junit/junit/4.11/junit-4.11.jar:/home/skuarch/.m2/repository/org/hamcrest/hamcrest-core/1.3/hamcrest-core-1.3.jar:/home/skuarch/.m2/repository/commons-io/commons-io/2.4/commons-io-2.4.jar:/home/skuarch/.m2/repository/org/codemonkey/simplejavamail/simple-java-mail/2.1/simple-java-mail-2.1.jar:/home/skuarch/.m2/repository/javax/mail/mail/1.4.1/mail-1.4.1.jar:/home/skuarch/.m2/repository/javax/activation/activation/1.1/activation-1.1.jar:/home/skuarch/.m2/repository/commons-configuration/commons-configuration/1.10/commons-configuration-1.10.jar:/home/skuarch/.m2/repository/commons-lang/commons-lang/2.6/commons-lang-2.6.jar:/home/skuarch/.m2/repository/org/hibernate/hibernate-c3p0/4.3.6.Final/hibernate-c3p0-4.3.6.Final.jar:/home/skuarch/.m2/repository/com/mchange/c3p0/0.9.2.1/c3p0-0.9.2.1.jar:/home/skuarch/.m2/repository/com/mchange/mchange-commons-java/0.2.3.4/mchange-commons-java-0.2.3.4.jar:/home/skuarch/.m2/repository/org/codehaus/jackson/jackson-core-asl/1.9.13/jackson-core-asl-1.9.13.jar:/home/skuarch/.m2/repository/org/codehaus/jackson/jackson-mapper-asl/1.9.13/jackson-mapper-asl-1.9.13.jar:/home/skuarch/.m2/repository/com/fasterxml/jackson/core/jackson-databind/2.4.4/jackson-databind-2.4.4.jar:/home/skuarch/.m2/repository/com/fasterxml/jackson/core/jackson-annotations/2.4.0/jackson-annotations-2.4.0.jar:/home/skuarch/.m2/repository/com/fasterxml/jackson/core/jackson-core/2.4.4/jackson-core-2.4.4.jar:/home/skuarch/.m2/repository/javax/servlet/jstl/1.2/jstl-1.2.jar:/home/skuarch/.m2/repository/com/google/code/gson/gson/2.3.1/gson-2.3.1.jar:, user.name=skuarch, hibernate.bytecode.use_reflection_optimizer=false, hibernate.show_sql=true, hibernate.use_sql_comments=true, java.vm.specification.version=1.8, sun.java.command=/home/skuarch/NetBeansProjects/api-rec/target/surefire/surefirebooter2484955152881610752.jar /home/skuarch/NetBeansProjects/api-rec/target/surefire/surefire767236551729429353tmp /home/skuarch/NetBeansProjects/api-rec/target/surefire/surefire3555702434266072601tmp, java.home=/usr/lib/jvm/jdk1.8.0_31/jre, sun.arch.data.model=64, hibernate.dialect=org.hibernate.dialect.MySQLDialect, user.language=en, java.specification.vendor=Oracle Corporation, awt.toolkit=sun.awt.X11.XToolkit, java.vm.info=mixed mode, java.version=1.8.0_31, java.ext.dirs=/usr/lib/jvm/jdk1.8.0_31/jre/lib/ext:/usr/java/packages/lib/ext, sun.boot.class.path=/usr/lib/jvm/jdk1.8.0_31/jre/lib/resources.jar:/usr/lib/jvm/jdk1.8.0_31/jre/lib/rt.jar:/usr/lib/jvm/jdk1.8.0_31/jre/lib/sunrsasign.jar:/usr/lib/jvm/jdk1.8.0_31/jre/lib/jsse.jar:/usr/lib/jvm/jdk1.8.0_31/jre/lib/jce.jar:/usr/lib/jvm/jdk1.8.0_31/jre/lib/charsets.jar:/usr/lib/jvm/jdk1.8.0_31/jre/lib/jfr.jar:/usr/lib/jvm/jdk1.8.0_31/jre/classes, java.vendor=Oracle Corporation, localRepository=/home/skuarch/.m2/repository, file.separator=/, hibernate.hbm2ddl.auto=update, java.vendor.url.bug=http://bugreport.sun.com/bugreport/, sun.io.unicode.encoding=UnicodeLittle, sun.cpu.endian=little, dialect=org.hibernate.dialect.MySQLDialect, sun.cpu.isalist=}
  11:39:49,515 DEBUG IntegratorServiceImpl:63 - Adding Integrator [org.hibernate.cfg.beanvalidation.BeanValidationIntegrator].
  11:39:49,517 DEBUG IntegratorServiceImpl:63 - Adding Integrator [org.hibernate.secure.spi.JaccIntegrator].
  11:39:49,519 DEBUG IntegratorServiceImpl:63 - Adding Integrator [org.hibernate.cache.internal.CollectionCacheInvalidator].
  11:39:49,535 DEBUG StrategySelectorImpl:79 - Registering named strategy selector [org.hibernate.dialect.Dialect] : [MySQL5] -&gt; [org.hibernate.dialect.MySQL5Dialect] (replacing [org.hibernate.dialect.MySQL5Dialect])
  11:39:49,535 DEBUG StrategySelectorImpl:79 - Registering named strategy selector [org.hibernate.dialect.Dialect] : [MySQL5InnoDB] -&gt; [org.hibernate.dialect.MySQL5InnoDBDialect] (replacing [org.hibernate.dialect.MySQL5InnoDBDialect])
  11:39:49,581 DEBUG ServiceBinding:85 - Overriding existing service binding [org.hibernate.secure.spi.JaccService]
  11:39:49,582 DEBUG Configuration:1841 - Preparing to build session factory with filters : {}
  11:39:49,594 ERROR HibernateUtil:52 - HibernateUtil
  org.hibernate.engine.jndi.JndiException: Error parsing JNDI name [jdbc/api-rec]
	at org.hibernate.engine.jndi.internal.JndiServiceImpl.parseName(JndiServiceImpl.java:141)
	at org.hibernate.engine.jndi.internal.JndiServiceImpl.locate(JndiServiceImpl.java:112)
	at org.hibernate.engine.jdbc.connections.internal.DatasourceConnectionProviderImpl.configure(DatasourceConnectionProviderImpl.java:115)
	at org.hibernate.boot.registry.internal.StandardServiceRegistryImpl.configureService(StandardServiceRegistryImpl.java:111)
	at org.hibernate.service.internal.AbstractServiceRegistryImpl.initializeService(AbstractServiceRegistryImpl.java:234)
	at org.hibernate.service.internal.AbstractServiceRegistryImpl.getService(AbstractServiceRegistryImpl.java:206)
	at org.hibernate.engine.jdbc.internal.JdbcServicesImpl.buildJdbcConnectionAccess(JdbcServicesImpl.java:260)
	at org.hibernate.engine.jdbc.internal.JdbcServicesImpl.configure(JdbcServicesImpl.java:94)
	at org.hibernate.boot.registry.internal.StandardServiceRegistryImpl.configureService(StandardServiceRegistryImpl.java:111)
	at org.hibernate.service.internal.AbstractServiceRegistryImpl.initializeService(AbstractServiceRegistryImpl.java:234)
	at org.hibernate.service.internal.AbstractServiceRegistryImpl.getService(AbstractServiceRegistryImpl.java:206)
	at org.hibernate.cfg.Configuration.buildTypeRegistrations(Configuration.java:1885)
	at org.hibernate.cfg.Configuration.buildSessionFactory(Configuration.java:1843)
	at model.util.HibernateUtil.&lt;clinit&gt;(HibernateUtil.java:48)
	at model.database.DAO.startSession(DAO.java:49)
	at model.database.DAO.&lt;init&gt;(DAO.java:36)
	at controllers.freelancer.FreelancerCreateEstablishmentTest.testCreateEstablishment(FreelancerCreateEstablishmentTest.java:44)
	at sun.reflect.NativeMethodAccessorImpl.invoke0(Native Method)
	at sun.reflect.NativeMethodAccessorImpl.invoke(NativeMethodAccessorImpl.java:62)
	at sun.reflect.DelegatingMethodAccessorImpl.invoke(DelegatingMethodAccessorImpl.java:43)
	at java.lang.reflect.Method.invoke(Method.java:483)
	at org.junit.runners.model.FrameworkMethod$1.runReflectiveCall(FrameworkMethod.java:47)
	at org.junit.internal.runners.model.ReflectiveCallable.run(ReflectiveCallable.java:12)
	at org.junit.runners.model.FrameworkMethod.invokeExplosively(FrameworkMethod.java:44)
	at org.junit.internal.runners.statements.InvokeMethod.evaluate(InvokeMethod.java:17)
	at org.junit.internal.runners.statements.RunBefores.evaluate(RunBefores.java:26)
	at org.junit.internal.runners.statements.RunAfters.evaluate(RunAfters.java:27)
	at org.junit.runners.ParentRunner.runLeaf(ParentRunner.java:271)
	at org.junit.runners.BlockJUnit4ClassRunner.runChild(BlockJUnit4ClassRunner.java:70)
	at org.junit.runners.BlockJUnit4ClassRunner.runChild(BlockJUnit4ClassRunner.java:50)
	at org.junit.runners.ParentRunner$3.run(ParentRunner.java:238)
	at org.junit.runners.ParentRunner$1.schedule(ParentRunner.java:63)
	at org.junit.runners.ParentRunner.runChildren(ParentRunner.java:236)
	at org.junit.runners.ParentRunner.access$000(ParentRunner.java:53)
	at org.junit.runners.ParentRunner$2.evaluate(ParentRunner.java:229)
	at org.junit.internal.runners.statements.RunBefores.evaluate(RunBefores.java:26)
	at org.junit.internal.runners.statements.RunAfters.evaluate(RunAfters.java:27)
	at org.junit.runners.ParentRunner.run(ParentRunner.java:309)
	at org.apache.maven.surefire.junit4.JUnit4TestSet.execute(JUnit4TestSet.java:53)
	at org.apache.maven.surefire.junit4.JUnit4Provider.executeTestSet(JUnit4Provider.java:123)
	at org.apache.maven.surefire.junit4.JUnit4Provider.invoke(JUnit4Provider.java:104)
	at sun.reflect.NativeMethodAccessorImpl.invoke0(Native Method)
	at sun.reflect.NativeMethodAccessorImpl.invoke(NativeMethodAccessorImpl.java:62)
	at sun.reflect.DelegatingMethodAccessorImpl.invoke(DelegatingMethodAccessorImpl.java:43)
	at java.lang.reflect.Method.invoke(Method.java:483)
	at org.apache.maven.surefire.util.ReflectionUtils.invokeMethodWithArray(ReflectionUtils.java:164)
	at org.apache.maven.surefire.booter.ProviderFactory$ProviderProxy.invoke(ProviderFactory.java:110)
	at org.apache.maven.surefire.booter.SurefireStarter.invokeProvider(SurefireStarter.java:175)
	at org.apache.maven.surefire.booter.SurefireStarter.runSuitesInProcessWhenForked(SurefireStarter.java:107)
	at org.apache.maven.surefire.booter.ForkedBooter.main(ForkedBooter.java:68)
Caused by: javax.naming.NoInitialContextException: Need to specify class name in environment or system property, or as an applet parameter, or in an application resource file:  java.naming.factory.initial
	at javax.naming.spi.NamingManager.getInitialContext(NamingManager.java:662)
	at javax.naming.InitialContext.getDefaultInitCtx(InitialContext.java:313)
	at javax.naming.InitialContext.getURLOrDefaultInitCtx(InitialContext.java:350)
	at javax.naming.InitialContext.getNameParser(InitialContext.java:505)
	at org.hibernate.engine.jndi.internal.JndiServiceImpl.parseName(JndiServiceImpl.java:135)
	... 49 more
11:39:49,597 ERROR HibernateUtil:55 - HibernateUtil
  org.hibernate.engine.jndi.JndiException: Error parsing JNDI name [jdbc/api-rec]
	at org.hibernate.engine.jndi.internal.JndiServiceImpl.parseName(JndiServiceImpl.java:141)
	at org.hibernate.engine.jndi.internal.JndiServiceImpl.locate(JndiServiceImpl.java:112)
	at org.hibernate.engine.jdbc.connections.internal.DatasourceConnectionProviderImpl.configure(DatasourceConnectionProviderImpl.java:115)
	at org.hibernate.boot.registry.internal.StandardServiceRegistryImpl.configureService(StandardServiceRegistryImpl.java:111)
	at org.hibernate.service.internal.AbstractServiceRegistryImpl.initializeService(AbstractServiceRegistryImpl.java:234)
	at org.hibernate.service.internal.AbstractServiceRegistryImpl.getService(AbstractServiceRegistryImpl.java:206)
	at org.hibernate.engine.jdbc.internal.JdbcServicesImpl.buildJdbcConnectionAccess(JdbcServicesImpl.java:260)
	at org.hibernate.engine.jdbc.internal.JdbcServicesImpl.configure(JdbcServicesImpl.java:94)
	at org.hibernate.boot.registry.internal.StandardServiceRegistryImpl.configureService(StandardServiceRegistryImpl.java:111)
	at org.hibernate.service.internal.AbstractServiceRegistryImpl.initializeService(AbstractServiceRegistryImpl.java:234)
	at org.hibernate.service.internal.AbstractServiceRegistryImpl.getService(AbstractServiceRegistryImpl.java:206)
	at org.hibernate.cfg.Configuration.buildTypeRegistrations(Configuration.java:1885)
	at org.hibernate.cfg.Configuration.buildSessionFactory(Configuration.java:1843)
	at model.util.HibernateUtil.&lt;clinit&gt;(HibernateUtil.java:48)
	at model.database.DAO.startSession(DAO.java:49)
	at model.database.DAO.&lt;init&gt;(DAO.java:36)
	at controllers.freelancer.FreelancerCreateEstablishmentTest.testCreateEstablishment(FreelancerCreateEstablishmentTest.java:44)
	at sun.reflect.NativeMethodAccessorImpl.invoke0(Native Method)
	at sun.reflect.NativeMethodAccessorImpl.invoke(NativeMethodAccessorImpl.java:62)
	at sun.reflect.DelegatingMethodAccessorImpl.invoke(DelegatingMethodAccessorImpl.java:43)
	at java.lang.reflect.Method.invoke(Method.java:483)
	at org.junit.runners.model.FrameworkMethod$1.runReflectiveCall(FrameworkMethod.java:47)
	at org.junit.internal.runners.model.ReflectiveCallable.run(ReflectiveCallable.java:12)
	at org.junit.runners.model.FrameworkMethod.invokeExplosively(FrameworkMethod.java:44)
	at org.junit.internal.runners.statements.InvokeMethod.evaluate(InvokeMethod.java:17)
	at org.junit.internal.runners.statements.RunBefores.evaluate(RunBefores.java:26)
	at org.junit.internal.runners.statements.RunAfters.evaluate(RunAfters.java:27)
	at org.junit.runners.ParentRunner.runLeaf(ParentRunner.java:271)
	at org.junit.runners.BlockJUnit4ClassRunner.runChild(BlockJUnit4ClassRunner.java:70)
	at org.junit.runners.BlockJUnit4ClassRunner.runChild(BlockJUnit4ClassRunner.java:50)
	at org.junit.runners.ParentRunner$3.run(ParentRunner.java:238)
	at org.junit.runners.ParentRunner$1.schedule(ParentRunner.java:63)
	at org.junit.runners.ParentRunner.runChildren(ParentRunner.java:236)
	at org.junit.runners.ParentRunner.access$000(ParentRunner.java:53)
	at org.junit.runners.ParentRunner$2.evaluate(ParentRunner.java:229)
	at org.junit.internal.runners.statements.RunBefores.evaluate(RunBefores.java:26)
	at org.junit.internal.runners.statements.RunAfters.evaluate(RunAfters.java:27)
	at org.junit.runners.ParentRunner.run(ParentRunner.java:309)
	at org.apache.maven.surefire.junit4.JUnit4TestSet.execute(JUnit4TestSet.java:53)
	at org.apache.maven.surefire.junit4.JUnit4Provider.executeTestSet(JUnit4Provider.java:123)
	at org.apache.maven.surefire.junit4.JUnit4Provider.invoke(JUnit4Provider.java:104)
	at sun.reflect.NativeMethodAccessorImpl.invoke0(Native Method)
	at sun.reflect.NativeMethodAccessorImpl.invoke(NativeMethodAccessorImpl.java:62)
	at sun.reflect.DelegatingMethodAccessorImpl.invoke(DelegatingMethodAccessorImpl.java:43)
	at java.lang.reflect.Method.invoke(Method.java:483)
	at org.apache.maven.surefire.util.ReflectionUtils.invokeMethodWithArray(ReflectionUtils.java:164)
	at org.apache.maven.surefire.booter.ProviderFactory$ProviderProxy.invoke(ProviderFactory.java:110)
	at org.apache.maven.surefire.booter.SurefireStarter.invokeProvider(SurefireStarter.java:175)
	at org.apache.maven.surefire.booter.SurefireStarter.runSuitesInProcessWhenForked(SurefireStarter.java:107)
	at org.apache.maven.surefire.booter.ForkedBooter.main(ForkedBooter.java:68)
Caused by: javax.naming.NoInitialContextException: Need to specify class name in environment or system property, or as an applet parameter, or in an application resource file:  java.naming.factory.initial
	at javax.naming.spi.NamingManager.getInitialContext(NamingManager.java:662)
	at javax.naming.InitialContext.getDefaultInitCtx(InitialContext.java:313)
	at javax.naming.InitialContext.getURLOrDefaultInitCtx(InitialContext.java:350)
	at javax.naming.InitialContext.getNameParser(InitialContext.java:505)
	at org.hibernate.engine.jndi.internal.JndiServiceImpl.parseName(JndiServiceImpl.java:135)
	... 49 more
</system-out>
  </testcase>
</testsuite>